<?xml version="1.0" encoding="UTF-8"?>
<!-- Generated by org.testng.reporters.JUnitReportReporter -->
<testsuite hostname="DESKTOP-BF3MODT" failures="0" tests="4" name="testng3.A" time="0.067" errors="0" timestamp="2023-01-13T14:41:05 IST" skipped="0">
  <testcase classname="testng3.A" name="test3" time="0.010"/>
  <system-out>
    <![CDATA[ hi am nagarjun]]>
  </system-out>
  <testcase classname="testng3.A" name="test" time="0.040"/>
  <system-out>
    <![CDATA[hi am prashant]]>
  </system-out>
  <testcase classname="testng3.A" name="test4" time="0.007"/>
  <system-out>
    <![CDATA[hi am prajwal]]>
  </system-out>
  <testcase classname="testng3.A" name="test2" time="0.010"/>
  <system-out>
    <![CDATA[hi am navin]]>
  </system-out>
</testsuite> <!-- testng3.A -->
