<?xml version="1.0" encoding="UTF-8"?>
<!-- Generated by org.testng.reporters.JUnitReportReporter -->
<testsuite hostname="DESKTOP-BF3MODT" failures="0" tests="1" name="testng2.Cc" time="52.124" errors="0" timestamp="2023-01-06T16:55:52 IST" skipped="0">
  <testcase classname="testng2.Cc" name="rat" time="52.124"/>
  <system-out/>
</testsuite> <!-- testng2.Cc -->
