<?xml version="1.0" encoding="UTF-8"?>
<!-- Generated by org.testng.reporters.JUnitReportReporter -->
<testsuite hostname="DESKTOP-BF3MODT" failures="0" tests="2" name="testng4.B" time="261.506" errors="0" timestamp="2023-01-13T15:15:02 IST" skipped="0">
  <testcase classname="testng4.B" name="gan" time="129.697"/>
  <system-out/>
  <testcase classname="testng4.B" name="gan" time="131.809"/>
  <system-out/>
</testsuite> <!-- testng4.B -->
