<?xml version="1.0" encoding="UTF-8"?>
<!-- Generated by org.testng.reporters.JUnitReportReporter -->
<testsuite hostname="DESKTOP-BF3MODT" failures="0" tests="2" name="compatobility.A" time="47.610" errors="0" timestamp="2023-01-06T17:13:31 IST" skipped="0">
  <testcase classname="compatobility.A" name="multi" time="31.015"/>
  <system-out/>
  <testcase classname="compatobility.A" name="multi" time="16.595"/>
  <system-out/>
</testsuite> <!-- compatobility.A -->
