<?xml version="1.0" encoding="UTF-8"?>
<!-- Generated by org.testng.reporters.JUnitReportReporter -->
<testsuite hostname="DESKTOP-BF3MODT" failures="0" tests="1" name="testng.A" time="0.050" errors="0" timestamp="2023-01-06T16:50:52 IST" skipped="0">
  <testcase classname="testng.A" name="test" time="0.050"/>
  <system-out>
    <![CDATA[hi]]>
  </system-out>
</testsuite> <!-- testng.A -->
